2024-12-22 16:48:15,551 - === Starting Lyrics Scraper ===
2024-12-22 16:48:15,846 - === Opening the Browser ===
2024-12-22 16:48:42,595 - === Navigating to Musixmatch ===
2024-12-22 16:48:59,118 - === Clicking on the 'See All' button ===
2024-12-22 16:49:04,617 - === Finding Track Cards ===
2024-12-22 16:49:05,596 - === Looping through all cards ===
2024-12-22 16:49:07,429 - === Track Found! Navigating to lyrics page ===
2024-12-22 16:49:21,762 - === Loading Lyrics ===
2024-12-22 16:49:21,762 - === Loading Lyrics for french language
2024-12-22 16:49:21,849 - Translation not available for the lyrics
2024-12-22 16:50:06,177 - === Starting Lyrics Scraper ===
2024-12-22 16:50:06,179 - === Opening the Browser ===
2024-12-22 16:50:16,543 - === Navigating to Musixmatch ===
2024-12-22 16:50:36,359 - === Clicking on the 'See All' button ===
2024-12-22 16:50:41,671 - === Finding Track Cards ===
2024-12-22 16:50:41,753 - === Looping through all cards ===
2024-12-22 16:50:42,524 - === Track Found! Navigating to lyrics page ===
2024-12-22 16:50:46,445 - === Loading Lyrics ===
2024-12-22 16:50:46,445 - === Lyrics language not specified ===
2024-12-22 16:50:46,447 - === Loading default lyrics ===
2024-12-22 16:50:51,449 - === Retrieving Lyrics ===
2024-12-22 16:50:51,675 - === Lyrics Retrieved Successfully ===
2024-12-22 17:07:22,003 - === Starting Lyrics Scraper ===
2024-12-22 17:07:22,202 - === Opening the Browser ===
2024-12-22 17:07:38,283 - === Navigating to Musixmatch ===
2024-12-22 17:08:25,588 - === Clicking on the 'See All' button ===
2024-12-22 17:08:30,876 - === Finding Track Cards ===
2024-12-22 17:08:30,928 - === Looping through all cards ===
2024-12-22 17:08:31,845 - === Track not found ===
2024-12-22 17:08:41,949 - Couldn't find lyrics for the track: tunnel vision
Check the spelling and try again.
2024-12-22 17:09:12,197 - === Starting Lyrics Scraper ===
2024-12-22 17:09:12,198 - === Opening the Browser ===
2024-12-22 17:09:15,129 - === Navigating to Musixmatch ===
2024-12-22 17:09:28,812 - === Clicking on the 'See All' button ===
2024-12-22 17:09:34,124 - === Finding Track Cards ===
2024-12-22 17:09:34,177 - === Looping through all cards ===
2024-12-22 17:09:35,065 - === Track not found ===
2024-12-22 17:10:06,419 - Couldn't find lyrics for the track: tunnel vision
Check the spelling and try again.
2024-12-22 17:11:25,565 - === Starting Lyrics Scraper ===
2024-12-22 17:11:25,673 - === Opening the Browser ===
2024-12-22 17:11:31,822 - === Navigating to Musixmatch ===
2024-12-22 17:11:55,826 - === Clicking on the 'See All' button ===
2024-12-22 17:12:01,106 - === Finding Track Cards ===
2024-12-22 17:12:01,179 - === Looping through all cards ===
2024-12-22 17:12:01,859 - === Track Found! Navigating to lyrics page ===
2024-12-22 17:12:07,237 - === Loading Lyrics ===
2024-12-22 17:12:07,238 - === Loading Lyrics for french language
2024-12-22 17:13:21,525 - === Starting Lyrics Scraper ===
2024-12-22 17:13:21,564 - === Opening the Browser ===
2024-12-22 17:13:23,838 - === Navigating to Musixmatch ===
2024-12-22 17:13:36,442 - === Clicking on the 'See All' button ===
2024-12-22 17:13:41,714 - === Finding Track Cards ===
2024-12-22 17:13:41,792 - === Looping through all cards ===
2024-12-22 17:13:42,764 - === Track Found! Navigating to lyrics page ===
2024-12-22 17:13:48,982 - === Loading Lyrics ===
2024-12-22 17:13:48,983 - === Loading Lyrics for french language
2024-12-22 17:13:55,996 - === Retrieving Lyrics ===
2024-12-22 17:13:56,196 - === Lyrics Retrieved Successfully ===
2024-12-22 17:13:56,196 - === Lyrics retrieved successfully for: hit stick by kodak black
2024-12-22 17:20:26,572 - === Closing Browser ===
2024-12-22 17:20:33,306 - Retrying (Retry(total=2, connect=None, read=None, redirect=None, status=None)) after connection broken by 'NewConnectionError('<urllib3.connection.HTTPConnection object at 0x0000028A7FE2E510>: Failed to establish a new connection: [WinError 10061] No connection could be made because the target machine actively refused it')': /session/e1b2e8175010b7e6d42890c7104f2ff1
2024-12-22 17:20:37,400 - Retrying (Retry(total=1, connect=None, read=None, redirect=None, status=None)) after connection broken by 'NewConnectionError('<urllib3.connection.HTTPConnection object at 0x0000028A7FE2F050>: Failed to establish a new connection: [WinError 10061] No connection could be made because the target machine actively refused it')': /session/e1b2e8175010b7e6d42890c7104f2ff1
2024-12-22 17:20:41,451 - Retrying (Retry(total=0, connect=None, read=None, redirect=None, status=None)) after connection broken by 'NewConnectionError('<urllib3.connection.HTTPConnection object at 0x0000028A7FE2F1D0>: Failed to establish a new connection: [WinError 10061] No connection could be made because the target machine actively refused it')': /session/e1b2e8175010b7e6d42890c7104f2ff1
